RuntimeError: Base64-encoded data URI is malformed while extracting data from B64InlineURI: None
RuntimeError: Base64-encoded data URI is malformed while extracting data from B64InlineURI: None
RuntimeError: Base64-encoded data URI is malformed while extracting data from B64InlineURI: None
RuntimeError: Base64-encoded data URI is malformed while extracting data from B64InlineURI: None
RuntimeError: Base64-encoded data URI is malformed while extracting data from B64InlineURI: None
RuntimeError: Base64-encoded data URI is malformed while extracting data from B64InlineURI: None
RuntimeError: Base64-encoded data URI is malformed while extracting data from B64InlineURI: None
RuntimeError: Base64-encoded data URI is malformed while extracting data from B64InlineURI: None
RuntimeError: Base64-encoded data URI is malformed while extracting data from B64InlineURI: None
RuntimeError: Base64-encoded data URI is malformed while extracting data from B64InlineURI: None
RuntimeError: Base64-encoded data URI is malformed while extracting data from B64InlineURI: None
RuntimeError: Base64-encoded data URI is malformed while extracting data from B64InlineURI: None
RuntimeError: Base64-encoded data URI is malformed while extracting data from B64InlineURI: None
RuntimeError: Base64-encoded data URI is malformed while extracting data from B64InlineURI: None
RuntimeError: Base64-encoded data URI is malformed while extracting data from B64InlineURI: None
RuntimeError: Base64-encoded data URI is malformed while extracting data from B64InlineURI: None
RuntimeError: Base64-encoded data URI is malformed while extracting data from B64InlineURI: None
RuntimeError: Base64-encoded data URI is malformed while extracting data from B64InlineURI: None
RuntimeError: Base64-encoded data URI is malformed while extracting data from B64InlineURI: None
RuntimeError: Base64-encoded data URI is malformed while extracting data from B64InlineURI: None
RuntimeError: Base64-encoded data URI is malformed while extracting data from B64InlineURI: None
RuntimeError: Base64-encoded data URI is malformed while extracting data from B64InlineURI: None
RuntimeError: Base64-encoded data URI is malformed while extracting data from B64InlineURI: None
RuntimeError: Base64-encoded data URI is malformed while extracting data from B64InlineURI: None
RuntimeError: Base64-encoded data URI is malformed while extracting data from B64InlineURI: None
RuntimeError: Base64-encoded data URI is malformed while extracting data from B64InlineURI: None
RuntimeError: Base64-encoded data URI is malformed while extracting data from B64InlineURI: None
RuntimeError: Base64-encoded data URI is malformed while extracting data from B64InlineURI: None
Internal Server Error: /projet-transport/
Traceback (most recent call last):
  File "C:\Users\phili\anaconda3\envs\py312\Lib\site-packages\django\core\handlers\exception.py", line 55, in inner
    response = get_response(request)
               ^^^^^^^^^^^^^^^^^^^^^
  File "C:\Users\phili\anaconda3\envs\py312\Lib\site-packages\django\core\handlers\base.py", line 204, in _get_response
    self.check_response(response, callback)
  File "C:\Users\phili\anaconda3\envs\py312\Lib\site-packages\django\core\handlers\base.py", line 332, in check_response
    raise ValueError(
ValueError: The view etude_marche.views.questionnaire_view didn't return an HttpResponse object. It returned None instead.
Internal Server Error: /projet-transport/
Traceback (most recent call last):
  File "C:\Users\phili\anaconda3\envs\py312\Lib\site-packages\django\core\handlers\exception.py", line 55, in inner
    response = get_response(request)
               ^^^^^^^^^^^^^^^^^^^^^
  File "C:\Users\phili\anaconda3\envs\py312\Lib\site-packages\django\core\handlers\base.py", line 204, in _get_response
    self.check_response(response, callback)
  File "C:\Users\phili\anaconda3\envs\py312\Lib\site-packages\django\core\handlers\base.py", line 332, in check_response
    raise ValueError(
ValueError: The view etude_marche.views.questionnaire_view didn't return an HttpResponse object. It returned None instead.
"GET /projet-transport/ HTTP/1.1" 500 74670
"GET /projet-transport/ HTTP/1.1" 500 74670
Internal Server Error: /projet-transport/pdf/
Traceback (most recent call last):
  File "C:\Users\phili\anaconda3\envs\py312\Lib\site-packages\django\template\base.py", line 510, in parse
    compile_func = self.tags[command]
                   ~~~~~~~~~^^^^^^^^^
KeyError: 'endfor'

During handling of the above exception, another exception occurred:

Traceback (most recent call last):
  File "C:\Users\phili\anaconda3\envs\py312\Lib\site-packages\django\core\handlers\exception.py", line 55, in inner
    response = get_response(request)
               ^^^^^^^^^^^^^^^^^^^^^
  File "C:\Users\phili\anaconda3\envs\py312\Lib\site-packages\django\core\handlers\base.py", line 197, in _get_response
    response = wrapped_callback(request, *callback_args, **callback_kwargs)
               ^^^^^^^^^^^^^^^^^^^^^^^^^^^^^^^^^^^^^^^^^^^^^^^^^^^^^^^^^^^^
  File "C:\Users\phili\PycharmProjects\transport_project\etude_marche\views.py", line 235, in generate_pdf_resume
    template = get_template("etude_marche/pdf_resume.html")
               ^^^^^^^^^^^^^^^^^^^^^^^^^^^^^^^^^^^^^^^^^^^^
  File "C:\Users\phili\anaconda3\envs\py312\Lib\site-packages\django\template\loader.py", line 15, in get_template
    return engine.get_template(template_name)
           ^^^^^^^^^^^^^^^^^^^^^^^^^^^^^^^^^^
  File "C:\Users\phili\anaconda3\envs\py312\Lib\site-packages\django\template\backends\django.py", line 79, in get_template
    return Template(self.engine.get_template(template_name), self)
                    ^^^^^^^^^^^^^^^^^^^^^^^^^^^^^^^^^^^^^^^
  File "C:\Users\phili\anaconda3\envs\py312\Lib\site-packages\django\template\engine.py", line 177, in get_template
    template, origin = self.find_template(template_name)
                       ^^^^^^^^^^^^^^^^^^^^^^^^^^^^^^^^^
  File "C:\Users\phili\anaconda3\envs\py312\Lib\site-packages\django\template\engine.py", line 159, in find_template
    template = loader.get_template(name, skip=skip)
               ^^^^^^^^^^^^^^^^^^^^^^^^^^^^^^^^^^^^
  File "C:\Users\phili\anaconda3\envs\py312\Lib\site-packages\django\template\loaders\cached.py", line 57, in get_template
    template = super().get_template(template_name, skip)
               ^^^^^^^^^^^^^^^^^^^^^^^^^^^^^^^^^^^^^^^^^
  File "C:\Users\phili\anaconda3\envs\py312\Lib\site-packages\django\template\loaders\base.py", line 28, in get_template
    return Template(
           ^^^^^^^^^
  File "C:\Users\phili\anaconda3\envs\py312\Lib\site-packages\django\template\base.py", line 154, in __init__
    self.nodelist = self.compile_nodelist()
                    ^^^^^^^^^^^^^^^^^^^^^^^
  File "C:\Users\phili\anaconda3\envs\py312\Lib\site-packages\django\template\base.py", line 196, in compile_nodelist
    nodelist = parser.parse()
               ^^^^^^^^^^^^^^
  File "C:\Users\phili\anaconda3\envs\py312\Lib\site-packages\django\template\base.py", line 512, in parse
    self.invalid_block_tag(token, command, parse_until)
  File "C:\Users\phili\anaconda3\envs\py312\Lib\site-packages\django\template\base.py", line 577, in invalid_block_tag
    raise self.error(
django.template.exceptions.TemplateSyntaxError: Invalid block tag on line 69: 'endfor'. Did you forget to register or load this tag?
Internal Server Error: /projet-transport/pdf/
Traceback (most recent call last):
  File "C:\Users\phili\anaconda3\envs\py312\Lib\site-packages\django\template\base.py", line 510, in parse
    compile_func = self.tags[command]
                   ~~~~~~~~~^^^^^^^^^
KeyError: 'endfor'

During handling of the above exception, another exception occurred:

Traceback (most recent call last):
  File "C:\Users\phili\anaconda3\envs\py312\Lib\site-packages\django\core\handlers\exception.py", line 55, in inner
    response = get_response(request)
               ^^^^^^^^^^^^^^^^^^^^^
  File "C:\Users\phili\anaconda3\envs\py312\Lib\site-packages\django\core\handlers\base.py", line 197, in _get_response
    response = wrapped_callback(request, *callback_args, **callback_kwargs)
               ^^^^^^^^^^^^^^^^^^^^^^^^^^^^^^^^^^^^^^^^^^^^^^^^^^^^^^^^^^^^
  File "C:\Users\phili\PycharmProjects\transport_project\etude_marche\views.py", line 235, in generate_pdf_resume
    template = get_template("etude_marche/pdf_resume.html")
               ^^^^^^^^^^^^^^^^^^^^^^^^^^^^^^^^^^^^^^^^^^^^
  File "C:\Users\phili\anaconda3\envs\py312\Lib\site-packages\django\template\loader.py", line 15, in get_template
    return engine.get_template(template_name)
           ^^^^^^^^^^^^^^^^^^^^^^^^^^^^^^^^^^
  File "C:\Users\phili\anaconda3\envs\py312\Lib\site-packages\django\template\backends\django.py", line 79, in get_template
    return Template(self.engine.get_template(template_name), self)
                    ^^^^^^^^^^^^^^^^^^^^^^^^^^^^^^^^^^^^^^^
  File "C:\Users\phili\anaconda3\envs\py312\Lib\site-packages\django\template\engine.py", line 177, in get_template
    template, origin = self.find_template(template_name)
                       ^^^^^^^^^^^^^^^^^^^^^^^^^^^^^^^^^
  File "C:\Users\phili\anaconda3\envs\py312\Lib\site-packages\django\template\engine.py", line 159, in find_template
    template = loader.get_template(name, skip=skip)
               ^^^^^^^^^^^^^^^^^^^^^^^^^^^^^^^^^^^^
  File "C:\Users\phili\anaconda3\envs\py312\Lib\site-packages\django\template\loaders\cached.py", line 57, in get_template
    template = super().get_template(template_name, skip)
               ^^^^^^^^^^^^^^^^^^^^^^^^^^^^^^^^^^^^^^^^^
  File "C:\Users\phili\anaconda3\envs\py312\Lib\site-packages\django\template\loaders\base.py", line 28, in get_template
    return Template(
           ^^^^^^^^^
  File "C:\Users\phili\anaconda3\envs\py312\Lib\site-packages\django\template\base.py", line 154, in __init__
    self.nodelist = self.compile_nodelist()
                    ^^^^^^^^^^^^^^^^^^^^^^^
  File "C:\Users\phili\anaconda3\envs\py312\Lib\site-packages\django\template\base.py", line 196, in compile_nodelist
    nodelist = parser.parse()
               ^^^^^^^^^^^^^^
  File "C:\Users\phili\anaconda3\envs\py312\Lib\site-packages\django\template\base.py", line 512, in parse
    self.invalid_block_tag(token, command, parse_until)
  File "C:\Users\phili\anaconda3\envs\py312\Lib\site-packages\django\template\base.py", line 577, in invalid_block_tag
    raise self.error(
django.template.exceptions.TemplateSyntaxError: Invalid block tag on line 69: 'endfor'. Did you forget to register or load this tag?
"GET /projet-transport/pdf/?format=pdf HTTP/1.1" 500 161021
"GET /projet-transport/pdf/?format=pdf HTTP/1.1" 500 161021
Internal Server Error: /projet-transport/export/
Traceback (most recent call last):
  File "C:\Users\phili\anaconda3\envs\py312\Lib\site-packages\django\core\handlers\exception.py", line 55, in inner
    response = get_response(request)
               ^^^^^^^^^^^^^^^^^^^^^
  File "C:\Users\phili\anaconda3\envs\py312\Lib\site-packages\django\core\handlers\base.py", line 197, in _get_response
    response = wrapped_callback(request, *callback_args, **callback_kwargs)
               ^^^^^^^^^^^^^^^^^^^^^^^^^^^^^^^^^^^^^^^^^^^^^^^^^^^^^^^^^^^^
  File "C:\Users\phili\PycharmProjects\transport_project\etude_marche\views.py", line 199, in generate_pdf_or_csv
    ville_chart = safe_chart(df['ville'] if 'ville' in df.columns else None, "Participants par ville", "#2980B9")
                  ^^^^^^^^^^^^^^^^^^^^^^^^^^^^^^^^^^^^^^^^^^^^^^^^^^^^^^^^^^^^^^^^^^^^^^^^^^^^^^^^^^^^^^^^^^^^^^^
TypeError: safe_chart() takes 2 positional arguments but 3 were given
Internal Server Error: /projet-transport/export/
Traceback (most recent call last):
  File "C:\Users\phili\anaconda3\envs\py312\Lib\site-packages\django\core\handlers\exception.py", line 55, in inner
    response = get_response(request)
               ^^^^^^^^^^^^^^^^^^^^^
  File "C:\Users\phili\anaconda3\envs\py312\Lib\site-packages\django\core\handlers\base.py", line 197, in _get_response
    response = wrapped_callback(request, *callback_args, **callback_kwargs)
               ^^^^^^^^^^^^^^^^^^^^^^^^^^^^^^^^^^^^^^^^^^^^^^^^^^^^^^^^^^^^
  File "C:\Users\phili\PycharmProjects\transport_project\etude_marche\views.py", line 199, in generate_pdf_or_csv
    ville_chart = safe_chart(df['ville'] if 'ville' in df.columns else None, "Participants par ville", "#2980B9")
                  ^^^^^^^^^^^^^^^^^^^^^^^^^^^^^^^^^^^^^^^^^^^^^^^^^^^^^^^^^^^^^^^^^^^^^^^^^^^^^^^^^^^^^^^^^^^^^^^
TypeError: safe_chart() takes 2 positional arguments but 3 were given
"GET /projet-transport/export/ HTTP/1.1" 500 76450
"GET /projet-transport/export/ HTTP/1.1" 500 76450
Internal Server Error: /projet-transport/export/
Traceback (most recent call last):
  File "C:\Users\phili\anaconda3\envs\py312\Lib\site-packages\django\core\handlers\exception.py", line 55, in inner
    response = get_response(request)
               ^^^^^^^^^^^^^^^^^^^^^
  File "C:\Users\phili\anaconda3\envs\py312\Lib\site-packages\django\core\handlers\base.py", line 197, in _get_response
    response = wrapped_callback(request, *callback_args, **callback_kwargs)
               ^^^^^^^^^^^^^^^^^^^^^^^^^^^^^^^^^^^^^^^^^^^^^^^^^^^^^^^^^^^^
  File "C:\Users\phili\PycharmProjects\transport_project\etude_marche\views.py", line 199, in generate_pdf_or_csv
    ville_chart = safe_chart(df['ville'] if 'ville' in df.columns else None, "Participants par ville", "#2980B9")
                  ^^^^^^^^^^^^^^^^^^^^^^^^^^^^^^^^^^^^^^^^^^^^^^^^^^^^^^^^^^^^^^^^^^^^^^^^^^^^^^^^^^^^^^^^^^^^^^^
TypeError: safe_chart() takes 2 positional arguments but 3 were given
Internal Server Error: /projet-transport/export/
Traceback (most recent call last):
  File "C:\Users\phili\anaconda3\envs\py312\Lib\site-packages\django\core\handlers\exception.py", line 55, in inner
    response = get_response(request)
               ^^^^^^^^^^^^^^^^^^^^^
  File "C:\Users\phili\anaconda3\envs\py312\Lib\site-packages\django\core\handlers\base.py", line 197, in _get_response
    response = wrapped_callback(request, *callback_args, **callback_kwargs)
               ^^^^^^^^^^^^^^^^^^^^^^^^^^^^^^^^^^^^^^^^^^^^^^^^^^^^^^^^^^^^
  File "C:\Users\phili\PycharmProjects\transport_project\etude_marche\views.py", line 199, in generate_pdf_or_csv
    ville_chart = safe_chart(df['ville'] if 'ville' in df.columns else None, "Participants par ville", "#2980B9")
                  ^^^^^^^^^^^^^^^^^^^^^^^^^^^^^^^^^^^^^^^^^^^^^^^^^^^^^^^^^^^^^^^^^^^^^^^^^^^^^^^^^^^^^^^^^^^^^^^
TypeError: safe_chart() takes 2 positional arguments but 3 were given
"GET /projet-transport/export/ HTTP/1.1" 500 76450
"GET /projet-transport/export/ HTTP/1.1" 500 76450
Internal Server Error: /projet-transport/export/
Traceback (most recent call last):
  File "C:\Users\phili\anaconda3\envs\py312\Lib\site-packages\django\core\handlers\exception.py", line 55, in inner
    response = get_response(request)
               ^^^^^^^^^^^^^^^^^^^^^
  File "C:\Users\phili\anaconda3\envs\py312\Lib\site-packages\django\core\handlers\base.py", line 197, in _get_response
    response = wrapped_callback(request, *callback_args, **callback_kwargs)
               ^^^^^^^^^^^^^^^^^^^^^^^^^^^^^^^^^^^^^^^^^^^^^^^^^^^^^^^^^^^^
  File "C:\Users\phili\PycharmProjects\transport_project\etude_marche\views.py", line 199, in generate_pdf_or_csv
    ville_chart = safe_chart(df['ville'] if 'ville' in df.columns else None, "Participants par ville", "#2980B9")
                  ^^^^^^^^^^^^^^^^^^^^^^^^^^^^^^^^^^^^^^^^^^^^^^^^^^^^^^^^^^^^^^^^^^^^^^^^^^^^^^^^^^^^^^^^^^^^^^^
TypeError: safe_chart() takes 2 positional arguments but 3 were given
Internal Server Error: /projet-transport/export/
Traceback (most recent call last):
  File "C:\Users\phili\anaconda3\envs\py312\Lib\site-packages\django\core\handlers\exception.py", line 55, in inner
    response = get_response(request)
               ^^^^^^^^^^^^^^^^^^^^^
  File "C:\Users\phili\anaconda3\envs\py312\Lib\site-packages\django\core\handlers\base.py", line 197, in _get_response
    response = wrapped_callback(request, *callback_args, **callback_kwargs)
               ^^^^^^^^^^^^^^^^^^^^^^^^^^^^^^^^^^^^^^^^^^^^^^^^^^^^^^^^^^^^
  File "C:\Users\phili\PycharmProjects\transport_project\etude_marche\views.py", line 199, in generate_pdf_or_csv
    ville_chart = safe_chart(df['ville'] if 'ville' in df.columns else None, "Participants par ville", "#2980B9")
                  ^^^^^^^^^^^^^^^^^^^^^^^^^^^^^^^^^^^^^^^^^^^^^^^^^^^^^^^^^^^^^^^^^^^^^^^^^^^^^^^^^^^^^^^^^^^^^^^
TypeError: safe_chart() takes 2 positional arguments but 3 were given
"GET /projet-transport/export/ HTTP/1.1" 500 76450
"GET /projet-transport/export/ HTTP/1.1" 500 76450
Internal Server Error: /projet-transport/export/
Traceback (most recent call last):
  File "C:\Users\phili\anaconda3\envs\py312\Lib\site-packages\django\core\handlers\exception.py", line 55, in inner
    response = get_response(request)
               ^^^^^^^^^^^^^^^^^^^^^
  File "C:\Users\phili\anaconda3\envs\py312\Lib\site-packages\django\core\handlers\base.py", line 197, in _get_response
    response = wrapped_callback(request, *callback_args, **callback_kwargs)
               ^^^^^^^^^^^^^^^^^^^^^^^^^^^^^^^^^^^^^^^^^^^^^^^^^^^^^^^^^^^^
  File "C:\Users\phili\PycharmProjects\transport_project\etude_marche\views.py", line 164, in generate_pdf_or_csv
    wb = Workbook()
         ^^^^^^^^
NameError: name 'Workbook' is not defined
Internal Server Error: /projet-transport/export/
Traceback (most recent call last):
  File "C:\Users\phili\anaconda3\envs\py312\Lib\site-packages\django\core\handlers\exception.py", line 55, in inner
    response = get_response(request)
               ^^^^^^^^^^^^^^^^^^^^^
  File "C:\Users\phili\anaconda3\envs\py312\Lib\site-packages\django\core\handlers\base.py", line 197, in _get_response
    response = wrapped_callback(request, *callback_args, **callback_kwargs)
               ^^^^^^^^^^^^^^^^^^^^^^^^^^^^^^^^^^^^^^^^^^^^^^^^^^^^^^^^^^^^
  File "C:\Users\phili\PycharmProjects\transport_project\etude_marche\views.py", line 164, in generate_pdf_or_csv
    wb = Workbook()
         ^^^^^^^^
NameError: name 'Workbook' is not defined
"GET /projet-transport/export/?format=excel HTTP/1.1" 500 76079
"GET /projet-transport/export/?format=excel HTTP/1.1" 500 76079
